24.05.2012 23:52:39 INFO  [main] de.uni_leipzig.simba.controller.PPJoinController.run(PPJoinController.java:129): ID: bibbase
Var: ?a
Prefixes: {rdfs=http://www.w3.org/2000/01/rdf-schema#, akt=http://www.aktors.org/ontology/portal#, owl=http://www.w3.org/2002/07/owl#, rdf=http://www.w3.org/1999/02/22-rdf-syntax-ns#, BibTeX=http://data.bibbase.org/ontology/#}
Endpoint: http://data.bibbase.org:2020/sparql
Graph: null
Restrictions: [?a rdf:type BibTeX:Author]
Properties: [rdfs:label]
Functions: {rdfs:label=lowercase}
Page size: 1000
Type: sparql

24.05.2012 23:52:39 INFO  [main] de.uni_leipzig.simba.controller.PPJoinController.run(PPJoinController.java:130): ID: citeseer
Var: ?b
Prefixes: {rdfs=http://www.w3.org/2000/01/rdf-schema#, akt=http://www.aktors.org/ontology/portal#, owl=http://www.w3.org/2002/07/owl#, rdf=http://www.w3.org/1999/02/22-rdf-syntax-ns#, BibTeX=http://data.bibbase.org/ontology/#}
Endpoint: http://citeseer.rkbexplorer.com/sparql/
Graph: null
Restrictions: [?b rdf:type akt:Person]
Properties: [akt:full-name]
Functions: {akt:full-name=lowercase}
Page size: 1000
Type: sparql

24.05.2012 23:52:39 INFO  [main] de.uni_leipzig.simba.controller.PPJoinController.run(PPJoinController.java:135): Loading source data ...
24.05.2012 23:52:39 INFO  [main] de.uni_leipzig.simba.cache.HybridCache.getData(HybridCache.java:193): Found cached data. Loading data from file E:\Work\Java\LIMES\cache\-1725947238.ser
24.05.2012 23:52:39 INFO  [main] de.uni_leipzig.simba.cache.HybridCache.getData(HybridCache.java:199): Cached data loaded successfully from file E:\Work\Java\LIMES\cache\-1725947238.ser
24.05.2012 23:52:39 INFO  [main] de.uni_leipzig.simba.cache.HybridCache.getData(HybridCache.java:200): Size = 9952
24.05.2012 23:52:39 INFO  [main] de.uni_leipzig.simba.controller.PPJoinController.run(PPJoinController.java:140): Loading target data ...
24.05.2012 23:52:39 INFO  [main] de.uni_leipzig.simba.cache.HybridCache.getData(HybridCache.java:193): Found cached data. Loading data from file E:\Work\Java\LIMES\cache\-1955895259.ser
24.05.2012 23:52:39 INFO  [main] de.uni_leipzig.simba.cache.HybridCache.getData(HybridCache.java:199): Cached data loaded successfully from file E:\Work\Java\LIMES\cache\-1955895259.ser
24.05.2012 23:52:39 INFO  [main] de.uni_leipzig.simba.cache.HybridCache.getData(HybridCache.java:200): Size = 985
24.05.2012 23:52:39 INFO  [main] de.uni_leipzig.simba.controller.PPJoinController.run(PPJoinController.java:153): Getting links ...
24.05.2012 23:52:40 INFO  [main] de.uni_leipzig.simba.controller.PPJoinController.run(PPJoinController.java:156): Got links in 506ms.
24.05.2012 23:52:40 INFO  [main] de.uni_leipzig.simba.io.SerializerFactory.getSerializer(SerializerFactory.java:21): Getting serializer with name N3
24.05.2012 23:52:40 INFO  [main] de.uni_leipzig.simba.io.SerializerFactory.getSerializer(SerializerFactory.java:27): Serializer with name N3 not found. Using .nt as default format.
24.05.2012 23:52:40 INFO  [main] de.uni_leipzig.simba.controller.PPJoinController.run(PPJoinController.java:160): Using N3Serializer to serialize
24.05.2012 23:52:40 INFO  [main] de.uni_leipzig.simba.controller.PPJoinController.run(PPJoinController.java:179): Returned 37 links above acceptance threshold.
24.05.2012 23:52:40 INFO  [main] de.uni_leipzig.simba.controller.PPJoinController.run(PPJoinController.java:180): Returned 530 links to review.
24.05.2012 23:52:40 INFO  [main] de.uni_leipzig.simba.controller.PPJoinController.run(PPJoinController.java:187): Mapping carried out in 1.301 seconds
24.05.2012 23:52:40 INFO  [main] de.uni_leipzig.simba.controller.PPJoinController.run(PPJoinController.java:188): Done.
