13.06.2012 14:48:42 INFO  [main] de.uni_leipzig.simba.controller.PPJoinController.run(PPJoinController.java:129): ID: dbpedia
Var: ?a
Prefixes: {lgdp=http://linkedgeodata.org/property/, dc=http://purl.org/dc/terms/, diseasome=http://www4.wiwiss.fu-berlin.de/diseasome/resource/diseasome/, lgdo=http://linkedgeodata.org/ontology/, dbpedia-owl=http://dbpedia.org/ontology/, mo=http://purl.org/ontology/mo/, geo=http://www.w3.org/2003/01/geo/wgs84_pos#, foaf=http://xmlns.com/foaf/0.1/, linkedmdb=http://data.linkedmdb.org/resource/movie/, dbpedia-prop=http://dbpedia.org/property/, yago=http://dbpedia.org/class/yago/, hcterms=http://purl.org/uF/hCard/terms/, geonames=http://www.geonames.org/ontology#, rdfs=http://www.w3.org/2000/01/rdf-schema#, v=http://www.w3.org/2006/vcard/ns#, dctype=http://purl.org/dc/dcmitype/, umbel-sc=http://umbel.org/umbel/sc/, sider=http://www4.wiwiss.fu-berlin.de/sider/resource/sider/, dbpedia=http://dbpedia.org/ontology/, owl=http://www.w3.org/2002/07/owl#, rdf=http://www.w3.org/1999/02/22-rdf-syntax-ns#, wgs84=http://www.w3.org/2003/01/geo/wgs84_pos#, linkedgeodata=http://linkedgeodata.org/triplify/, skos=http://www.w3.org/2004/02/skos/core#}
Endpoint: http://dbpedia.org/sparql
Graph: null
Restrictions: [?a rdf:type dbpedia-owl:Drug]
Properties: [foaf:name, rdfs:label]
Functions: {rdfs:label=lowercase, foaf:name=lowercase}
Page size: 1000
Type: sparql

13.06.2012 14:48:42 INFO  [main] de.uni_leipzig.simba.controller.PPJoinController.run(PPJoinController.java:130): ID: sider
Var: ?b
Prefixes: {lgdp=http://linkedgeodata.org/property/, dc=http://purl.org/dc/terms/, diseasome=http://www4.wiwiss.fu-berlin.de/diseasome/resource/diseasome/, lgdo=http://linkedgeodata.org/ontology/, dbpedia-owl=http://dbpedia.org/ontology/, mo=http://purl.org/ontology/mo/, geo=http://www.w3.org/2003/01/geo/wgs84_pos#, foaf=http://xmlns.com/foaf/0.1/, linkedmdb=http://data.linkedmdb.org/resource/movie/, dbpedia-prop=http://dbpedia.org/property/, yago=http://dbpedia.org/class/yago/, hcterms=http://purl.org/uF/hCard/terms/, geonames=http://www.geonames.org/ontology#, rdfs=http://www.w3.org/2000/01/rdf-schema#, v=http://www.w3.org/2006/vcard/ns#, dctype=http://purl.org/dc/dcmitype/, umbel-sc=http://umbel.org/umbel/sc/, sider=http://www4.wiwiss.fu-berlin.de/sider/resource/sider/, dbpedia=http://dbpedia.org/ontology/, owl=http://www.w3.org/2002/07/owl#, rdf=http://www.w3.org/1999/02/22-rdf-syntax-ns#, wgs84=http://www.w3.org/2003/01/geo/wgs84_pos#, linkedgeodata=http://linkedgeodata.org/triplify/, skos=http://www.w3.org/2004/02/skos/core#}
Endpoint: http://www4.wiwiss.fu-berlin.de/sider/sparql
Graph: null
Restrictions: [?b rdf:type sider:drugs]
Properties: [rdfs:label]
Functions: {rdfs:label=lowercase}
Page size: 1000
Type: sparql

13.06.2012 14:48:42 INFO  [main] de.uni_leipzig.simba.controller.PPJoinController.run(PPJoinController.java:135): Loading source data ...
13.06.2012 14:48:42 INFO  [main] de.uni_leipzig.simba.cache.HybridCache.getData(HybridCache.java:194): Found cached data. Loading data from file E:\Work\Java\LIMES\cache\1322542316.ser
13.06.2012 14:48:42 INFO  [main] de.uni_leipzig.simba.cache.HybridCache.getData(HybridCache.java:200): Cached data loaded successfully from file E:\Work\Java\LIMES\cache\1322542316.ser
13.06.2012 14:48:42 INFO  [main] de.uni_leipzig.simba.cache.HybridCache.getData(HybridCache.java:201): Size = 294
13.06.2012 14:48:42 INFO  [main] de.uni_leipzig.simba.controller.PPJoinController.run(PPJoinController.java:140): Loading target data ...
13.06.2012 14:48:42 INFO  [main] de.uni_leipzig.simba.cache.HybridCache.getData(HybridCache.java:194): Found cached data. Loading data from file E:\Work\Java\LIMES\cache\-2097618061.ser
13.06.2012 14:48:42 INFO  [main] de.uni_leipzig.simba.cache.HybridCache.getData(HybridCache.java:200): Cached data loaded successfully from file E:\Work\Java\LIMES\cache\-2097618061.ser
13.06.2012 14:48:42 INFO  [main] de.uni_leipzig.simba.cache.HybridCache.getData(HybridCache.java:201): Size = 924
13.06.2012 14:48:42 INFO  [main] de.uni_leipzig.simba.controller.PPJoinController.run(PPJoinController.java:153): Getting links ...
13.06.2012 14:48:42 INFO  [main] de.uni_leipzig.simba.mapper.atomic.EDJoin.getMapping(EDJoin.java:44): Running EdJoin with thresold 0.33
13.06.2012 14:48:42 INFO  [main] de.uni_leipzig.simba.mapper.atomic.EDJoin.getMapping(EDJoin.java:55): Starting PPJoinPlus
13.06.2012 14:48:42 INFO  [main] de.uni_leipzig.simba.mapper.atomic.EDJoin.getMapping(EDJoin.java:69): term1=?a.foaf:name
13.06.2012 14:48:42 INFO  [main] de.uni_leipzig.simba.mapper.atomic.EDJoin.getMapping(EDJoin.java:70): term2=?b.rdfs:label
13.06.2012 14:48:42 INFO  [main] de.uni_leipzig.simba.mapper.atomic.EDJoin.getMapping(EDJoin.java:129): Filling objects from source knowledge base.
13.06.2012 14:48:42 INFO  [main] de.uni_leipzig.simba.mapper.atomic.EDJoin.getMapping(EDJoin.java:145): Filling objects from target knowledge base.
13.06.2012 14:48:42 INFO  [main] de.uni_leipzig.simba.mapper.atomic.EDJoin.qTokenizer(EDJoin.java:279): Computed 2673 qgrams
13.06.2012 14:48:42 INFO  [main] de.uni_leipzig.simba.mapper.atomic.EDJoin.getMapping(EDJoin.java:247): Got 0 links.
13.06.2012 14:48:42 INFO  [main] de.uni_leipzig.simba.mapper.atomic.EDJoin.getMapping(EDJoin.java:248): Done.
13.06.2012 14:48:42 INFO  [main] de.uni_leipzig.simba.mapper.atomic.EDJoin.getMapping(EDJoin.java:44): Running EdJoin with thresold 0.33
13.06.2012 14:48:42 INFO  [main] de.uni_leipzig.simba.mapper.atomic.EDJoin.getMapping(EDJoin.java:55): Starting PPJoinPlus
13.06.2012 14:48:42 INFO  [main] de.uni_leipzig.simba.mapper.atomic.EDJoin.getMapping(EDJoin.java:69): term1=?a.rdfs:label
13.06.2012 14:48:42 INFO  [main] de.uni_leipzig.simba.mapper.atomic.EDJoin.getMapping(EDJoin.java:70): term2=?b.rdfs:label
13.06.2012 14:48:42 INFO  [main] de.uni_leipzig.simba.mapper.atomic.EDJoin.getMapping(EDJoin.java:129): Filling objects from source knowledge base.
13.06.2012 14:48:42 INFO  [main] de.uni_leipzig.simba.mapper.atomic.EDJoin.getMapping(EDJoin.java:145): Filling objects from target knowledge base.
13.06.2012 14:48:42 INFO  [main] de.uni_leipzig.simba.mapper.atomic.EDJoin.qTokenizer(EDJoin.java:279): Computed 3841 qgrams
13.06.2012 14:48:42 INFO  [main] de.uni_leipzig.simba.mapper.atomic.EDJoin.getMapping(EDJoin.java:247): Got 1 links.
13.06.2012 14:48:42 INFO  [main] de.uni_leipzig.simba.mapper.atomic.EDJoin.getMapping(EDJoin.java:248): Done.
13.06.2012 14:48:42 INFO  [main] de.uni_leipzig.simba.controller.PPJoinController.run(PPJoinController.java:156): Got links in 250ms.
13.06.2012 14:48:42 INFO  [main] de.uni_leipzig.simba.io.SerializerFactory.getSerializer(SerializerFactory.java:21): Getting serializer with name NT
13.06.2012 14:48:42 INFO  [main] de.uni_leipzig.simba.io.SerializerFactory.getSerializer(SerializerFactory.java:27): Serializer with name NT not found. Using .nt as default format.
13.06.2012 14:48:42 INFO  [main] de.uni_leipzig.simba.controller.PPJoinController.run(PPJoinController.java:160): Using N3Serializer to serialize
13.06.2012 14:48:42 INFO  [main] de.uni_leipzig.simba.controller.PPJoinController.run(PPJoinController.java:179): Returned 9 links above acceptance threshold.
13.06.2012 14:48:42 INFO  [main] de.uni_leipzig.simba.controller.PPJoinController.run(PPJoinController.java:180): Returned 0 links to review.
13.06.2012 14:48:42 INFO  [main] de.uni_leipzig.simba.controller.PPJoinController.run(PPJoinController.java:187): Mapping carried out in 0.596 seconds
13.06.2012 14:48:42 INFO  [main] de.uni_leipzig.simba.controller.PPJoinController.run(PPJoinController.java:188): Done.
